2017-02-14T21:09:50.348-0600 I CONTROL  [initandlisten] MongoDB starting : pid=7228 port=27017 dbpath=data/db 64-bit host=DESKTOP-9DEVEA0
2017-02-14T21:09:50.349-0600 I CONTROL  [initandlisten] targetMinOS: Windows 7/Windows Server 2008 R2
2017-02-14T21:09:50.349-0600 I CONTROL  [initandlisten] db version v3.4.0
2017-02-14T21:09:50.349-0600 I CONTROL  [initandlisten] git version: f4240c60f005be757399042dc12f6addbc3170c1
2017-02-14T21:09:50.349-0600 I CONTROL  [initandlisten] OpenSSL version: OpenSSL 1.0.1t-fips  3 May 2016
2017-02-14T21:09:50.349-0600 I CONTROL  [initandlisten] allocator: tcmalloc
2017-02-14T21:09:50.349-0600 I CONTROL  [initandlisten] modules: none
2017-02-14T21:09:50.349-0600 I CONTROL  [initandlisten] build environment:
2017-02-14T21:09:50.350-0600 I CONTROL  [initandlisten]     distmod: 2008plus-ssl
2017-02-14T21:09:50.350-0600 I CONTROL  [initandlisten]     distarch: x86_64
2017-02-14T21:09:50.350-0600 I CONTROL  [initandlisten]     target_arch: x86_64
2017-02-14T21:09:50.350-0600 I CONTROL  [initandlisten] options: { config: "mongo.config", storage: { dbPath: "data/db", engine: "mmapv1" }, systemLog: { destination: "file", path: "log/mongo.log" } }
2017-02-14T21:09:50.370-0600 I JOURNAL  [initandlisten] journal dir=data/db\journal
2017-02-14T21:09:50.370-0600 I JOURNAL  [initandlisten] recover : no journal files present, no recovery needed
2017-02-14T21:09:50.425-0600 I JOURNAL  [durability] Durability thread started
2017-02-14T21:09:50.427-0600 I JOURNAL  [journal writer] Journal writer thread started
2017-02-14T21:09:50.429-0600 I CONTROL  [initandlisten] 
2017-02-14T21:09:50.429-0600 I CONTROL  [initandlisten] ** WARNING: Access control is not enabled for the database.
2017-02-14T21:09:50.429-0600 I CONTROL  [initandlisten] **          Read and write access to data and configuration is unrestricted.
2017-02-14T21:09:50.430-0600 I CONTROL  [initandlisten] 
2017-02-14T21:09:50.748-0600 I FTDC     [initandlisten] Initializing full-time diagnostic data capture with directory 'data/db/diagnostic.data'
2017-02-14T21:09:50.755-0600 I NETWORK  [thread1] waiting for connections on port 27017
2017-02-14T21:09:54.278-0600 I NETWORK  [thread1] connection accepted from 127.0.0.1:52660 #1 (1 connection now open)
2017-02-14T21:09:54.298-0600 I -        [conn1] end connection 127.0.0.1:52660 (1 connection now open)
2017-02-14T21:10:13.926-0600 I NETWORK  [thread1] connection accepted from 127.0.0.1:52661 #2 (1 connection now open)
2017-02-14T21:10:24.846-0600 I NETWORK  [thread1] connection accepted from 127.0.0.1:52662 #3 (2 connections now open)
2017-02-14T21:10:37.661-0600 I NETWORK  [thread1] connection accepted from 127.0.0.1:52663 #4 (3 connections now open)
2017-02-14T21:10:38.968-0600 I CONTROL  [thread2] Ctrl-C signal
2017-02-14T21:10:38.969-0600 I CONTROL  [consoleTerminate] got CTRL_C_EVENT, will terminate after current cmd ends
2017-02-14T21:10:38.969-0600 I NETWORK  [consoleTerminate] shutdown: going to close listening sockets...
2017-02-14T21:10:38.969-0600 I NETWORK  [consoleTerminate] closing listening socket: 520
2017-02-14T21:10:38.969-0600 I NETWORK  [consoleTerminate] shutdown: going to flush diaglog...
2017-02-14T21:10:38.969-0600 I FTDC     [consoleTerminate] Shutting down full-time diagnostic data capture
2017-02-14T21:10:38.976-0600 I STORAGE  [consoleTerminate] shutdown: waiting for fs preallocator...
2017-02-14T21:10:38.976-0600 I STORAGE  [consoleTerminate] shutdown: final commit...
2017-02-14T21:10:38.994-0600 I JOURNAL  [consoleTerminate] journalCleanup...
2017-02-14T21:10:39.000-0600 I JOURNAL  [consoleTerminate] removeJournalFiles
2017-02-14T21:10:39.000-0600 I JOURNAL  [consoleTerminate] old journal file will be removed: data/db\journal\j._0
2017-02-14T21:10:39.001-0600 I JOURNAL  [consoleTerminate] Terminating durability thread ...
2017-02-14T21:10:39.080-0600 I JOURNAL  [journal writer] Journal writer thread stopped
2017-02-14T21:10:39.080-0600 I JOURNAL  [durability] Durability thread stopped
2017-02-14T21:10:39.081-0600 I STORAGE  [consoleTerminate] shutdown: closing all files...
2017-02-14T21:10:39.081-0600 I STORAGE  [consoleTerminate] closeAllFiles() finished
2017-02-14T21:10:39.081-0600 I STORAGE  [consoleTerminate] shutdown: removing fs lock...
2017-02-14T21:10:39.081-0600 I CONTROL  [consoleTerminate] now exiting
2017-02-14T21:10:39.082-0600 I CONTROL  [consoleTerminate] shutting down with code:12
2017-02-14T21:10:39.082-0600 I CONTROL  [initandlisten] 